<?xml version="1.0" encoding="UTF-8"?>
<!-- Generated by org.testng.reporters.JUnitReportReporter -->
<testsuite hostname="aadisriram-VirtualBox" name="storm.starter.tools.SlidingWindowCounterTest" tests="15" failures="0" timestamp="4 Feb 2015 00:43:16 GMT" time="0.005" errors="0">
  <testcase name="newInstanceShouldHaveEmptyCounts" time="0.000" classname="storm.starter.tools.SlidingWindowCounterTest"/>
  <testcase name="testCounterWithSimulatedRuns" time="0.000" classname="storm.starter.tools.SlidingWindowCounterTest"/>
  <testcase name="testCounterWithSimulatedRuns" time="0.001" classname="storm.starter.tools.SlidingWindowCounterTest"/>
  <testcase name="testCounterWithSimulatedRuns" time="0.000" classname="storm.starter.tools.SlidingWindowCounterTest"/>
  <testcase name="lessThanTwoSlotsShouldThrowIAE" time="0.001" classname="storm.starter.tools.SlidingWindowCounterTest"/>
  <testcase name="testCounterWithSimulatedRuns" time="0.001" classname="storm.starter.tools.SlidingWindowCounterTest"/>
  <testcase name="twoOrMoreSlotsShouldBeValid" time="0.001" classname="storm.starter.tools.SlidingWindowCounterTest"/>
  <testcase name="lessThanTwoSlotsShouldThrowIAE" time="0.001" classname="storm.starter.tools.SlidingWindowCounterTest"/>
  <testcase name="testCounterWithSimulatedRuns" time="0.000" classname="storm.starter.tools.SlidingWindowCounterTest"/>
  <testcase name="lessThanTwoSlotsShouldThrowIAE" time="0.000" classname="storm.starter.tools.SlidingWindowCounterTest"/>
  <testcase name="lessThanTwoSlotsShouldThrowIAE" time="0.000" classname="storm.starter.tools.SlidingWindowCounterTest"/>
  <testcase name="lessThanTwoSlotsShouldThrowIAE" time="0.000" classname="storm.starter.tools.SlidingWindowCounterTest"/>
  <testcase name="twoOrMoreSlotsShouldBeValid" time="0.000" classname="storm.starter.tools.SlidingWindowCounterTest"/>
  <testcase name="twoOrMoreSlotsShouldBeValid" time="0.000" classname="storm.starter.tools.SlidingWindowCounterTest"/>
  <testcase name="lessThanTwoSlotsShouldThrowIAE" time="0.000" classname="storm.starter.tools.SlidingWindowCounterTest"/>
</testsuite> <!-- storm.starter.tools.SlidingWindowCounterTest -->
